<?xml version="1.0" encoding="UTF-8"?>
<testsuite xmlns:xsi="http://www.w3.org/2001/XMLSchema-instance" xsi:noNamespaceSchemaLocation="https://maven.apache.org/surefire/maven-surefire-plugin/xsd/surefire-test-report-3.0.xsd" version="3.0" name="com.forumapp.controller.CommentControllerTest" time="1.763" tests="6" errors="0" skipped="0" failures="0">
  <properties>
[...]
</properties>
  <testcase name="likeComment_ShouldIncrementLikes" classname="com.forumapp.controller.CommentControllerTest" time="1.659">
    <system-err><![CDATA[WARNING: A Java agent has been loaded dynamically (C:\Users\boula\.m2\repository\net\bytebuddy\byte-buddy-agent\1.14.19\byte-buddy-agent-1.14.19.jar)
WARNING: If a serviceability tool is in use, please run with -XX:+EnableDynamicAgentLoading to hide this warning
WARNING: If a serviceability tool is not in use, please run with -Djdk.instrument.traceUsage for more information
WARNING: Dynamic loading of agents will be disallowed by default in a future release
]]></system-err>
  </testcase>
  <testcase name="deleteComment_ShouldDeleteComment" classname="com.forumapp.controller.CommentControllerTest" time="0.022"/>
  <testcase name="createComment_ShouldCreateNewComment" classname="com.forumapp.controller.CommentControllerTest" time="0.015"/>
  <testcase name="getCommentById_ShouldReturnComment" classname="com.forumapp.controller.CommentControllerTest" time="0.007"/>
  <testcase name="dislikeComment_ShouldIncrementDislikes" classname="com.forumapp.controller.CommentControllerTest" time="0.003"/>
  <testcase name="getAllComments_ShouldReturnListOfComments" classname="com.forumapp.controller.CommentControllerTest" time="0.004"/>
</testsuite>